<?xml version="1.0" encoding="UTF-8"?>
<testsuite name="TestSuite" time="66.452" tests="4" errors="0" skipped="3" failures="1">
  <properties>
[...]
</properties>
  <testcase name="init" classname="mainScript.JobFetch" time="66.452">
    <failure message="Failed to connect to binary FirefoxBinary(D:\Program Files\Mozilla Firefox\firefox.exe) on port 7055; process output follows: &#10;hanges&#10;1493710377173	addons.xpi	DEBUG	Updating database with changes to installed add-ons&#10;1493710377173	addons.xpi-utils	DEBUG	Updating add-on states&#10;1493710377177	addons.xpi-utils	DEBUG	Writing add-ons list&#10;1493710377190	addons.xpi	DEBUG	Registering manifest for D:\Program Files\Mozilla Firefox\browser\features\e10srollout@mozilla.org.xpi&#10;1493710377192	addons.xpi	DEBUG	Calling bootstrap method startup on e10srollout@mozilla.org version 1.1&#10;1493710377193	addons.xpi	DEBUG	Registering manifest for D:\Program Files\Mozilla Firefox\browser\features\firefox@getpocket.com.xpi&#10;1493710377195	addons.xpi	DEBUG	Calling bootstrap method startup on firefox@getpocket.com version 1.0.4&#10;1493710377197	addons.xpi	DEBUG	Registering manifest for D:\Program Files\Mozilla Firefox\browser\features\loop@mozilla.org.xpi&#10;1493710377200	addons.xpi	DEBUG	Calling bootstrap method startup on loop@mozilla.org version 1.4.4&#10;1493710377264	addons.manager	DEBUG	Registering shutdown blocker for XPIProvider&#10;1493710377265	addons.manager	DEBUG	Provider finished startup: XPIProvider&#10;1493710377265	addons.manager	DEBUG	Starting provider: LightweightThemeManager&#10;1493710377266	addons.manager	DEBUG	Registering shutdown blocker for LightweightThemeManager&#10;1493710377266	addons.manager	DEBUG	Provider finished startup: LightweightThemeManager&#10;1493710377267	addons.manager	DEBUG	Starting provider: GMPProvider&#10;1493710377290	addons.manager	DEBUG	Registering shutdown blocker for GMPProvider&#10;1493710377291	addons.manager	DEBUG	Provider finished startup: GMPProvider&#10;1493710377291	addons.manager	DEBUG	Starting provider: PluginProvider&#10;1493710377292	addons.manager	DEBUG	Registering shutdown blocker for PluginProvider&#10;1493710377292	addons.manager	DEBUG	Provider finished startup: PluginProvider&#10;1493710377294	addons.manager	DEBUG	Completed startup sequence&#10;1493710380989	addons.manager	DEBUG	Starting provider: &lt;unnamed-provider&gt;&#10;1493710380990	addons.manager	DEBUG	Registering shutdown blocker for &lt;unnamed-provider&gt;&#10;1493710380991	addons.manager	DEBUG	Provider finished startup: &lt;unnamed-provider&gt;&#10;1493710383538	DeferredSave.extensions.json	DEBUG	Write succeeded&#10;1493710383538	addons.xpi-utils	DEBUG	XPI Database saved, setting schema version preference to 17&#10;1493710383539	DeferredSave.extensions.json	DEBUG	Starting timer&#10;1493710383573	DeferredSave.extensions.json	DEBUG	Starting write&#10;1493710383661	addons.repository	DEBUG	No addons.json found.&#10;1493710383662	DeferredSave.addons.json	DEBUG	Save changes&#10;1493710383703	DeferredSave.addons.json	DEBUG	Starting timer&#10;1493710386208	addons.manager	DEBUG	Starting provider: PreviousExperimentProvider&#10;1493710386209	addons.manager	DEBUG	Registering shutdown blocker for PreviousExperimentProvider&#10;1493710386210	addons.manager	DEBUG	Provider finished startup: PreviousExperimentProvider&#10;1493710386219	DeferredSave.addons.json	DEBUG	Starting write&#10;1493710386248	DeferredSave.extensions.json	DEBUG	Write succeeded&#10;1493710386385	DeferredSave.addons.json	DEBUG	Write succeeded&#10;1493710411336	addons.xpi	DEBUG	Calling bootstrap method shutdown on e10srollout@mozilla.org version 1.1&#10;1493710411339	addons.xpi	DEBUG	Calling bootstrap method shutdown on firefox@getpocket.com version 1.0.4&#10;1493710411342	addons.xpi	DEBUG	Calling bootstrap method shutdown on loop@mozilla.org version 1.4.4&#10;1493710412096	addons.manager	DEBUG	shutdown&#10;1493710412097	addons.manager	DEBUG	Calling shutdown blocker for XPIProvider&#10;1493710412098	addons.xpi	DEBUG	shutdown&#10;1493710412099	addons.xpi-utils	DEBUG	shutdown&#10;1493710412102	addons.manager	DEBUG	Calling shutdown blocker for LightweightThemeManager&#10;1493710412104	addons.manager	DEBUG	Calling shutdown blocker for GMPProvider&#10;1493710412111	addons.manager	DEBUG	Calling shutdown blocker for PluginProvider&#10;1493710412113	addons.manager	DEBUG	Calling shutdown blocker for &lt;unnamed-provider&gt;&#10;1493710412121	addons.manager	DEBUG	Calling shutdown blocker for PreviousExperimentProvider&#10;1493710412134	addons.xpi	DEBUG	Notifying XPI shutdown observers&#10;1493710412147	addons.manager	DEBUG	Async provider shutdown done&#10;&#10;Build info: version: &apos;2.47.1&apos;, revision: &apos;unknown&apos;, time: &apos;2015-07-30 11:02:44&apos;&#10;System info: host: &apos;Auro-PC&apos;, ip: &apos;10.89.92.67&apos;, os.name: &apos;Windows 7&apos;, os.arch: &apos;x86&apos;, os.version: &apos;6.1&apos;, java.version: &apos;1.8.0_92&apos;&#10;Driver info: driver.version: FirefoxDriver" type="org.openqa.selenium.WebDriverException"><![CDATA[org.openqa.selenium.WebDriverException: Failed to connect to binary FirefoxBinary(D:\Program Files\Mozilla Firefox\firefox.exe) on port 7055; process output follows: 
hanges
1493710377173	addons.xpi	DEBUG	Updating database with changes to installed add-ons
1493710377173	addons.xpi-utils	DEBUG	Updating add-on states
1493710377177	addons.xpi-utils	DEBUG	Writing add-ons list
1493710377190	addons.xpi	DEBUG	Registering manifest for D:\Program Files\Mozilla Firefox\browser\features\e10srollout@mozilla.org.xpi
1493710377192	addons.xpi	DEBUG	Calling bootstrap method startup on e10srollout@mozilla.org version 1.1
1493710377193	addons.xpi	DEBUG	Registering manifest for D:\Program Files\Mozilla Firefox\browser\features\firefox@getpocket.com.xpi
1493710377195	addons.xpi	DEBUG	Calling bootstrap method startup on firefox@getpocket.com version 1.0.4
1493710377197	addons.xpi	DEBUG	Registering manifest for D:\Program Files\Mozilla Firefox\browser\features\loop@mozilla.org.xpi
1493710377200	addons.xpi	DEBUG	Calling bootstrap method startup on loop@mozilla.org version 1.4.4
1493710377264	addons.manager	DEBUG	Registering shutdown blocker for XPIProvider
1493710377265	addons.manager	DEBUG	Provider finished startup: XPIProvider
1493710377265	addons.manager	DEBUG	Starting provider: LightweightThemeManager
1493710377266	addons.manager	DEBUG	Registering shutdown blocker for LightweightThemeManager
1493710377266	addons.manager	DEBUG	Provider finished startup: LightweightThemeManager
1493710377267	addons.manager	DEBUG	Starting provider: GMPProvider
1493710377290	addons.manager	DEBUG	Registering shutdown blocker for GMPProvider
1493710377291	addons.manager	DEBUG	Provider finished startup: GMPProvider
1493710377291	addons.manager	DEBUG	Starting provider: PluginProvider
1493710377292	addons.manager	DEBUG	Registering shutdown blocker for PluginProvider
1493710377292	addons.manager	DEBUG	Provider finished startup: PluginProvider
1493710377294	addons.manager	DEBUG	Completed startup sequence
1493710380989	addons.manager	DEBUG	Starting provider: <unnamed-provider>
1493710380990	addons.manager	DEBUG	Registering shutdown blocker for <unnamed-provider>
1493710380991	addons.manager	DEBUG	Provider finished startup: <unnamed-provider>
1493710383538	DeferredSave.extensions.json	DEBUG	Write succeeded
1493710383538	addons.xpi-utils	DEBUG	XPI Database saved, setting schema version preference to 17
1493710383539	DeferredSave.extensions.json	DEBUG	Starting timer
1493710383573	DeferredSave.extensions.json	DEBUG	Starting write
1493710383661	addons.repository	DEBUG	No addons.json found.
1493710383662	DeferredSave.addons.json	DEBUG	Save changes
1493710383703	DeferredSave.addons.json	DEBUG	Starting timer
1493710386208	addons.manager	DEBUG	Starting provider: PreviousExperimentProvider
1493710386209	addons.manager	DEBUG	Registering shutdown blocker for PreviousExperimentProvider
1493710386210	addons.manager	DEBUG	Provider finished startup: PreviousExperimentProvider
1493710386219	DeferredSave.addons.json	DEBUG	Starting write
1493710386248	DeferredSave.extensions.json	DEBUG	Write succeeded
1493710386385	DeferredSave.addons.json	DEBUG	Write succeeded
1493710411336	addons.xpi	DEBUG	Calling bootstrap method shutdown on e10srollout@mozilla.org version 1.1
1493710411339	addons.xpi	DEBUG	Calling bootstrap method shutdown on firefox@getpocket.com version 1.0.4
1493710411342	addons.xpi	DEBUG	Calling bootstrap method shutdown on loop@mozilla.org version 1.4.4
1493710412096	addons.manager	DEBUG	shutdown
1493710412097	addons.manager	DEBUG	Calling shutdown blocker for XPIProvider
1493710412098	addons.xpi	DEBUG	shutdown
1493710412099	addons.xpi-utils	DEBUG	shutdown
1493710412102	addons.manager	DEBUG	Calling shutdown blocker for LightweightThemeManager
1493710412104	addons.manager	DEBUG	Calling shutdown blocker for GMPProvider
1493710412111	addons.manager	DEBUG	Calling shutdown blocker for PluginProvider
1493710412113	addons.manager	DEBUG	Calling shutdown blocker for <unnamed-provider>
1493710412121	addons.manager	DEBUG	Calling shutdown blocker for PreviousExperimentProvider
1493710412134	addons.xpi	DEBUG	Notifying XPI shutdown observers
1493710412147	addons.manager	DEBUG	Async provider shutdown done

Build info: version: '2.47.1', revision: 'unknown', time: '2015-07-30 11:02:44'
System info: host: 'Auro-PC', ip: '10.89.92.67', os.name: 'Windows 7', os.arch: 'x86', os.version: '6.1', java.version: '1.8.0_92'
Driver info: driver.version: FirefoxDriver
	at org.openqa.selenium.firefox.internal.NewProfileExtensionConnection.start(NewProfileExtensionConnection.java:122)
	at org.openqa.selenium.firefox.FirefoxDriver.startClient(FirefoxDriver.java:276)
	at org.openqa.selenium.remote.RemoteWebDriver.<init>(RemoteWebDriver.java:116)
	at org.openqa.selenium.firefox.FirefoxDriver.<init>(FirefoxDriver.java:221)
	at org.openqa.selenium.firefox.FirefoxDriver.<init>(FirefoxDriver.java:216)
	at org.openqa.selenium.firefox.FirefoxDriver.<init>(FirefoxDriver.java:212)
	at org.openqa.selenium.firefox.FirefoxDriver.<init>(FirefoxDriver.java:125)
	at com.Glib.Browser.createdriver(Browser.java:25)
	at mainScript.JobFetch.init(JobFetch.java:32)
]]></failure>
    <system-err><![CDATA[org.openqa.selenium.firefox.NotConnectedException: Unable to connect to host 127.0.0.1 on port 7055 after 45000 ms. Firefox console output:
hanges
1493710377173	addons.xpi	DEBUG	Updating database with changes to installed add-ons
1493710377173	addons.xpi-utils	DEBUG	Updating add-on states
1493710377177	addons.xpi-utils	DEBUG	Writing add-ons list
1493710377190	addons.xpi	DEBUG	Registering manifest for D:\Program Files\Mozilla Firefox\browser\features\e10srollout@mozilla.org.xpi
1493710377192	addons.xpi	DEBUG	Calling bootstrap method startup on e10srollout@mozilla.org version 1.1
1493710377193	addons.xpi	DEBUG	Registering manifest for D:\Program Files\Mozilla Firefox\browser\features\firefox@getpocket.com.xpi
1493710377195	addons.xpi	DEBUG	Calling bootstrap method startup on firefox@getpocket.com version 1.0.4
1493710377197	addons.xpi	DEBUG	Registering manifest for D:\Program Files\Mozilla Firefox\browser\features\loop@mozilla.org.xpi
1493710377200	addons.xpi	DEBUG	Calling bootstrap method startup on loop@mozilla.org version 1.4.4
1493710377264	addons.manager	DEBUG	Registering shutdown blocker for XPIProvider
1493710377265	addons.manager	DEBUG	Provider finished startup: XPIProvider
1493710377265	addons.manager	DEBUG	Starting provider: LightweightThemeManager
1493710377266	addons.manager	DEBUG	Registering shutdown blocker for LightweightThemeManager
1493710377266	addons.manager	DEBUG	Provider finished startup: LightweightThemeManager
1493710377267	addons.manager	DEBUG	Starting provider: GMPProvider
1493710377290	addons.manager	DEBUG	Registering shutdown blocker for GMPProvider
1493710377291	addons.manager	DEBUG	Provider finished startup: GMPProvider
1493710377291	addons.manager	DEBUG	Starting provider: PluginProvider
1493710377292	addons.manager	DEBUG	Registering shutdown blocker for PluginProvider
1493710377292	addons.manager	DEBUG	Provider finished startup: PluginProvider
1493710377294	addons.manager	DEBUG	Completed startup sequence
1493710380989	addons.manager	DEBUG	Starting provider: <unnamed-provider>
1493710380990	addons.manager	DEBUG	Registering shutdown blocker for <unnamed-provider>
1493710380991	addons.manager	DEBUG	Provider finished startup: <unnamed-provider>
1493710383538	DeferredSave.extensions.json	DEBUG	Write succeeded
1493710383538	addons.xpi-utils	DEBUG	XPI Database saved, setting schema version preference to 17
1493710383539	DeferredSave.extensions.json	DEBUG	Starting timer
1493710383573	DeferredSave.extensions.json	DEBUG	Starting write
1493710383661	addons.repository	DEBUG	No addons.json found.
1493710383662	DeferredSave.addons.json	DEBUG	Save changes
1493710383703	DeferredSave.addons.json	DEBUG	Starting timer
1493710386208	addons.manager	DEBUG	Starting provider: PreviousExperimentProvider
1493710386209	addons.manager	DEBUG	Registering shutdown blocker for PreviousExperimentProvider
1493710386210	addons.manager	DEBUG	Provider finished startup: PreviousExperimentProvider
1493710386219	DeferredSave.addons.json	DEBUG	Starting write
1493710386248	DeferredSave.extensions.json	DEBUG	Write succeeded
1493710386385	DeferredSave.addons.json	DEBUG	Write succeeded
1493710411336	addons.xpi	DEBUG	Calling bootstrap method shutdown on e10srollout@mozilla.org version 1.1
1493710411339	addons.xpi	DEBUG	Calling bootstrap method shutdown on firefox@getpocket.com version 1.0.4
1493710411342	addons.xpi	DEBUG	Calling bootstrap method shutdown on loop@mozilla.org version 1.4.4
1493710412096	addons.manager	DEBUG	shutdown
1493710412097	addons.manager	DEBUG	Calling shutdown blocker for XPIProvider
1493710412098	addons.xpi	DEBUG	shutdown
1493710412099	addons.xpi-utils	DEBUG	shutdown
1493710412102	addons.manager	DEBUG	Calling shutdown blocker for LightweightThemeManager
1493710412104	addons.manager	DEBUG	Calling shutdown blocker for GMPProvider
1493710412111	addons.manager	DEBUG	Calling shutdown blocker for PluginProvider
1493710412113	addons.manager	DEBUG	Calling shutdown blocker for <unnamed-provider>
1493710412121	addons.manager	DEBUG	Calling shutdown blocker for PreviousExperimentProvider
1493710412134	addons.xpi	DEBUG	Notifying XPI shutdown observers
1493710412147	addons.manager	DEBUG	Async provider shutdown done

	at org.openqa.selenium.firefox.internal.NewProfileExtensionConnection.start(NewProfileExtensionConnection.java:122)
	at org.openqa.selenium.firefox.FirefoxDriver.startClient(FirefoxDriver.java:276)
	at org.openqa.selenium.remote.RemoteWebDriver.<init>(RemoteWebDriver.java:116)
	at org.openqa.selenium.firefox.FirefoxDriver.<init>(FirefoxDriver.java:221)
	at org.openqa.selenium.firefox.FirefoxDriver.<init>(FirefoxDriver.java:216)
	at org.openqa.selenium.firefox.FirefoxDriver.<init>(FirefoxDriver.java:212)
	at org.openqa.selenium.firefox.FirefoxDriver.<init>(FirefoxDriver.java:125)
	at com.Glib.Browser.createdriver(Browser.java:25)
	at mainScript.JobFetch.init(JobFetch.java:32)
	at sun.reflect.NativeMethodAccessorImpl.invoke0(Native Method)
	at sun.reflect.NativeMethodAccessorImpl.invoke(NativeMethodAccessorImpl.java:62)
	at sun.reflect.DelegatingMethodAccessorImpl.invoke(DelegatingMethodAccessorImpl.java:43)
	at java.lang.reflect.Method.invoke(Method.java:498)
	at org.testng.internal.MethodInvocationHelper.invokeMethod(MethodInvocationHelper.java:80)
	at org.testng.internal.Invoker.invokeConfigurationMethod(Invoker.java:525)
	at org.testng.internal.Invoker.invokeConfigurations(Invoker.java:202)
	at org.testng.internal.Invoker.invokeConfigurations(Invoker.java:130)
	at org.testng.internal.TestMethodWorker.invokeBeforeClassMethods(TestMethodWorker.java:173)
	at org.testng.internal.TestMethodWorker.run(TestMethodWorker.java:105)
	at org.testng.TestRunner.runWorkers(TestRunner.java:1178)
	at org.testng.TestRunner.privateRun(TestRunner.java:757)
	at org.testng.TestRunner.run(TestRunner.java:608)
	at org.testng.SuiteRunner.runTest(SuiteRunner.java:334)
	at org.testng.SuiteRunner.runSequentially(SuiteRunner.java:329)
	at org.testng.SuiteRunner.privateRun(SuiteRunner.java:291)
	at org.testng.SuiteRunner.run(SuiteRunner.java:240)
	at org.testng.SuiteRunnerWorker.runSuite(SuiteRunnerWorker.java:52)
	at org.testng.SuiteRunnerWorker.run(SuiteRunnerWorker.java:86)
	at org.testng.TestNG.runSuitesSequentially(TestNG.java:1158)
	at org.testng.TestNG.runSuitesLocally(TestNG.java:1083)
	at org.testng.TestNG.run(TestNG.java:999)
	at org.apache.maven.surefire.testng.TestNGExecutor.run(TestNGExecutor.java:293)
	at org.apache.maven.surefire.testng.TestNGXmlTestSuite.execute(TestNGXmlTestSuite.java:84)
	at org.apache.maven.surefire.testng.TestNGProvider.invoke(TestNGProvider.java:91)
	at org.apache.maven.surefire.booter.ForkedBooter.invokeProviderInSameClassLoader(ForkedBooter.java:200)
	at org.apache.maven.surefire.booter.ForkedBooter.runSuitesInProcess(ForkedBooter.java:153)
	at org.apache.maven.surefire.booter.ForkedBooter.main(ForkedBooter.java:103)
]]></system-err>
  </testcase>
  <testcase name="p" classname="mainScript.JobFetch" time="0">
    <skipped/>
  </testcase>
  <testcase name="po" classname="mainScript.JobFetch" time="0">
    <skipped/>
  </testcase>
  <testcase name="pr" classname="mainScript.JobFetch" time="0">
    <skipped/>
  </testcase>
</testsuite>